INFO: 2025/06/06 16:55:59 logger.go:51: 配置加载成功，服务器端口: %!d(string=:8090)
INFO: 2025/06/09 14:00:40 logger.go:51: 配置加载成功，服务器端口: :8090
INFO: 2025/06/09 14:00:40 logger.go:46: 数据库连接池初始化成功
INFO: 2025/06/09 14:00:40 logger.go:51: 服务器启动，监听端口: :8090
INFO: 2025/06/09 14:27:20 logger.go:46: 正在关闭服务器...
INFO: 2025/06/09 14:27:20 logger.go:46: 服务器已优雅关闭
INFO: 2025/06/09 14:27:20 logger.go:46: 数据库连接已关闭
INFO: 2025/06/09 14:30:24 logger.go:51: 配置加载成功，服务器端口: :8090
INFO: 2025/06/09 14:30:24 logger.go:46: 数据库连接池初始化成功
INFO: 2025/06/09 14:33:20 logger.go:51: 配置加载成功，服务器端口: :8090
INFO: 2025/06/09 14:36:31 logger.go:51: 配置加载成功，服务器端口: :8090
INFO: 2025/06/09 14:36:31 logger.go:46: 数据库连接池初始化成功
INFO: 2025/06/09 14:38:46 logger.go:51: 配置加载成功，服务器端口: :8090
INFO: 2025/06/09 14:38:46 logger.go:46: 数据库连接池初始化成功
INFO: 2025/06/09 14:38:46 logger.go:46: 数据库连接已关闭
INFO: 2025/06/09 14:40:22 logger.go:51: 配置加载成功，服务器端口: :8090
INFO: 2025/06/09 14:40:22 logger.go:46: 数据库连接池初始化成功
INFO: 2025/06/09 14:40:22 logger.go:46: 数据库连接已关闭
INFO: 2025/06/09 14:45:25 logger.go:51: 配置加载成功，服务器端口: :8090
INFO: 2025/06/09 14:45:25 logger.go:46: 数据库连接池初始化成功
INFO: 2025/06/09 14:45:25 logger.go:46: 数据库连接已关闭
INFO: 2025/06/09 14:49:05 logger.go:51: 配置加载成功，服务器端口: :8090
INFO: 2025/06/09 14:49:05 logger.go:46: 数据库连接池初始化成功
INFO: 2025/06/09 14:49:05 logger.go:46: 数据库连接已关闭
INFO: 2025/06/09 15:05:05 logger.go:46: 数据库连接池初始化成功
INFO: 2025/06/09 15:05:05 logger.go:51: 配置加载成功，服务器端口: :8090
INFO: 2025/06/09 15:05:05 logger.go:46: 数据库连接已关闭
INFO: 2025/06/09 15:10:53 logger.go:46: 数据库连接池初始化成功
INFO: 2025/06/09 15:10:53 logger.go:51: 配置加载成功，服务器端口: :8090
INFO: 2025/06/09 15:10:53 logger.go:46: 数据库连接已关闭
INFO: 2025/06/09 15:13:10 logger.go:46: 数据库连接池初始化成功
INFO: 2025/06/09 15:13:10 logger.go:51: 配置加载成功，服务器端口: :8090
INFO: 2025/06/09 15:13:10 logger.go:46: 数据库连接已关闭
INFO: 2025/06/09 15:14:39 logger.go:46: 数据库连接池初始化成功
INFO: 2025/06/09 15:14:39 logger.go:51: 配置加载成功，服务器端口: :8090
INFO: 2025/06/09 15:20:09 logger.go:46: 数据库连接池初始化成功
INFO: 2025/06/09 15:20:09 logger.go:51: 配置加载成功，服务器端口: :8090
INFO: 2025/06/09 15:21:53 logger.go:46: 数据库连接池初始化成功
INFO: 2025/06/09 15:21:53 logger.go:51: 配置加载成功，服务器端口: :8090
INFO: 2025/06/09 15:35:21 logger.go:46: 数据库连接池初始化成功
INFO: 2025/06/09 15:35:21 logger.go:51: 配置加载成功，服务器端口: :8090
INFO: 2025/06/09 15:35:38 logger.go:46: 数据库连接池初始化成功
INFO: 2025/06/09 15:35:38 logger.go:51: 配置加载成功，服务器端口: :8090
INFO: 2025/06/09 15:36:04 logger.go:51: 用户注册成功: 18818881890
INFO: 2025/06/09 15:36:54 logger.go:51: 用户注册成功: 18818881866
INFO: 2025/06/09 15:37:14 logger.go:51: 用户登录成功: 18818881866
INFO: 2025/06/09 15:42:51 logger.go:46: 数据库连接池初始化成功
INFO: 2025/06/09 15:42:51 logger.go:51: 配置加载成功，服务器端口: :8090
INFO: 2025/06/09 15:43:41 logger.go:51: 用户登录成功: 18818881800
INFO: 2025/06/09 15:48:00 logger.go:46: 数据库连接池初始化成功
INFO: 2025/06/09 15:48:00 logger.go:51: 配置加载成功，服务器端口: :8090
INFO: 2025/06/09 15:49:45 logger.go:51: 用户登录成功: 18818881800
INFO: 2025/06/09 15:54:30 logger.go:46: 数据库连接池初始化成功
INFO: 2025/06/09 15:54:30 logger.go:51: 配置加载成功，服务器端口: :8090
INFO: 2025/06/09 15:55:35 logger.go:46: 数据库连接池初始化成功
INFO: 2025/06/09 15:55:35 logger.go:51: 配置加载成功，服务器端口: :8090
INFO: 2025/06/09 15:56:11 logger.go:46: 数据库连接池初始化成功
INFO: 2025/06/09 15:56:11 logger.go:51: 配置加载成功，服务器端口: :8090
INFO: 2025/06/09 15:57:35 logger.go:46: 数据库连接池初始化成功
INFO: 2025/06/09 15:57:35 logger.go:51: 配置加载成功，服务器端口: :8090
INFO: 2025/06/09 15:59:43 logger.go:46: 数据库连接池初始化成功
INFO: 2025/06/09 15:59:44 logger.go:51: 配置加载成功，服务器端口: :8090
INFO: 2025/06/09 16:10:06 logger.go:46: 数据库连接池初始化成功
INFO: 2025/06/09 16:10:06 logger.go:51: 配置加载成功，服务器端口: :8090
INFO: 2025/06/09 16:12:35 logger.go:46: 数据库连接池初始化成功
INFO: 2025/06/09 16:12:35 logger.go:51: 配置加载成功，服务器端口: :8090
INFO: 2025/06/09 16:14:35 logger.go:51: 用户登录成功: 18888888888
INFO: 2025/06/09 16:21:18 logger.go:46: 数据库连接池初始化成功
INFO: 2025/06/09 16:21:18 logger.go:51: 配置加载成功，服务器端口: :8090
INFO: 2025/06/09 16:29:10 logger.go:46: 数据库连接池初始化成功
INFO: 2025/06/09 16:29:10 logger.go:51: 配置加载成功，服务器端口: :8090
INFO: 2025/06/09 16:46:08 logger.go:46: 数据库连接池初始化成功
INFO: 2025/06/09 16:46:08 logger.go:51: 配置加载成功，服务器端口: :8090
INFO: 2025/06/09 20:46:42 logger.go:46: 数据库连接池初始化成功
INFO: 2025/06/09 20:46:42 logger.go:51: 配置加载成功，服务器端口: :8090
INFO: 2025/06/11 10:26:55 logger.go:46: 数据库连接池初始化成功
INFO: 2025/06/11 10:26:56 logger.go:51: 配置加载成功，服务器端口: :8090
INFO: 2025/06/11 10:28:44 logger.go:51: 用户登录成功: 18818881899
INFO: 2025/06/11 10:29:02 logger.go:51: 用户登录失败，用户名或密码错误: 18818881899
INFO: 2025/06/11 10:48:53 logger.go:46: 数据库连接池初始化成功
INFO: 2025/06/11 10:48:53 logger.go:51: 配置加载成功，服务器端口: :8090
INFO: 2025/06/11 10:49:24 logger.go:51: 用户登录失败，用户名或密码错误: 14422223999
INFO: 2025/06/11 10:50:54 logger.go:46: 数据库连接池初始化成功
INFO: 2025/06/11 10:50:54 logger.go:51: 配置加载成功，服务器端口: :8090
INFO: 2025/06/11 10:51:15 logger.go:51: 用户登录失败，用户名或密码错误: 14422223999
INFO: 2025/06/11 10:52:31 logger.go:51: 用户登录失败，用户名或密码错误: 14422223999
INFO: 2025/06/11 10:56:42 logger.go:46: 数据库连接池初始化成功
INFO: 2025/06/11 10:56:42 logger.go:51: 配置加载成功，服务器端口: :8090
INFO: 2025/06/11 10:56:51 logger.go:51: 用户登录失败，用户名或密码错误: 14422223999
INFO: 2025/06/11 10:58:25 logger.go:46: 数据库连接池初始化成功
INFO: 2025/06/11 10:58:25 logger.go:51: 配置加载成功，服务器端口: :8090
INFO: 2025/06/11 10:58:37 logger.go:51: 用户登录失败，用户名或密码错误: 14422223999
INFO: 2025/06/12 15:44:36 logger.go:46: 数据库连接池初始化成功
INFO: 2025/06/12 15:44:36 logger.go:51: 配置加载成功，服务器端口: :8090
INFO: 2025/06/12 15:46:36 logger.go:51: 用户登录成功: 18818881800
INFO: 2025/06/12 18:09:27 logger.go:46: 数据库连接池初始化成功
INFO: 2025/06/12 18:09:27 logger.go:51: 配置加载成功，服务器端口: :8090
INFO: 2025/06/12 18:09:27 logger.go:51: 服务器启动在: 0.0.0.0:8090
INFO: 2025/06/12 18:09:27 logger.go:51: 本地访问: http://localhost:8090
INFO: 2025/06/12 18:09:27 logger.go:51: 局域网访问: http://你的IP地址:8090
INFO: 2025/06/12 18:09:46 logger.go:51: 用户登录失败，用户名或密码错误: 18818881888
INFO: 2025/06/12 18:09:56 logger.go:51: 用户登录失败，用户名或密码错误: 18818881888
INFO: 2025/06/12 18:10:07 logger.go:51: 用户登录成功: 18888888888
INFO: 2025/06/12 18:17:48 logger.go:51: 用户登录失败，用户名或密码错误: 18818881888
INFO: 2025/06/12 18:17:58 logger.go:51: 用户登录成功: 18888888888
INFO: 2025/06/12 18:19:49 logger.go:46: 数据库连接池初始化成功
INFO: 2025/06/12 18:19:49 logger.go:51: 配置加载成功，服务器端口: :8090
INFO: 2025/06/12 18:19:49 logger.go:51: 服务器启动在: 0.0.0.0:8090
INFO: 2025/06/12 18:19:49 logger.go:51: 本地访问: http://localhost:8090
INFO: 2025/06/12 18:19:49 logger.go:51: 局域网访问: http://你的IP地址:8090
INFO: 2025/06/12 18:20:44 logger.go:51: 用户登录成功: 18888888888
INFO: 2025/06/12 20:02:46 logger.go:46: 数据库连接池初始化成功
INFO: 2025/06/12 20:02:46 logger.go:51: 配置加载成功，服务器端口: :8090
INFO: 2025/06/12 20:02:46 logger.go:51: 服务器启动在: 0.0.0.0:8090
INFO: 2025/06/12 20:02:46 logger.go:51: 本地访问: http://localhost:8090
INFO: 2025/06/12 20:02:46 logger.go:51: 局域网访问: http://你的IP地址:8090
INFO: 2025/06/12 20:04:39 logger.go:51: 用户登录失败，用户名或密码错误: 18888888888
INFO: 2025/06/12 20:06:56 logger.go:51: 用户登录失败，用户名或密码错误: 18818881888
INFO: 2025/06/12 20:13:19 logger.go:51: 用户登录失败，用户名或密码错误: 18818881888
INFO: 2025/06/12 20:13:45 logger.go:51: 用户登录失败，用户名或密码错误: 18818881889
INFO: 2025/06/12 20:18:52 logger.go:51: 用户登录失败，用户名或密码错误: 18818881999
INFO: 2025/06/12 20:24:49 logger.go:51: 用户登录失败，用户名或密码错误: 18818881999
INFO: 2025/06/13 08:36:53 logger.go:46: 数据库连接池初始化成功
INFO: 2025/06/13 08:36:54 logger.go:51: 配置加载成功，服务器端口: :8090
INFO: 2025/06/13 08:36:54 logger.go:51: 服务器启动在: 0.0.0.0:8090
INFO: 2025/06/13 08:36:54 logger.go:51: 本地访问: http://localhost:8090
INFO: 2025/06/13 08:36:54 logger.go:51: 局域网访问: http://你的IP地址:8090
INFO: 2025/06/13 10:43:07 logger.go:51: 用户登录成功: 18818881800
INFO: 2025/06/13 10:43:22 logger.go:51: 用户登录成功: 18888888888
INFO: 2025/06/13 10:54:43 logger.go:51: 用户注册成功: 18818881999
INFO: 2025/06/13 10:54:55 logger.go:51: 用户注册成功: 18818881666
INFO: 2025/06/13 10:55:12 logger.go:51: 用户注册成功: 18818881111
INFO: 2025/06/13 10:55:24 logger.go:51: 用户注册成功: 18818881222
INFO: 2025/06/13 10:55:34 logger.go:51: 用户注册成功: 18818881333
INFO: 2025/06/13 10:55:45 logger.go:51: 用户注册成功: 18818881444
INFO: 2025/06/13 10:55:56 logger.go:51: 用户注册成功: 18818881555
INFO: 2025/06/13 10:56:08 logger.go:51: 用户注册成功: 18818881777
INFO: 2025/06/13 10:56:26 logger.go:51: 用户注册成功: 18818881822
INFO: 2025/06/13 10:56:36 logger.go:51: 用户注册成功: 18818881877
INFO: 2025/06/13 10:56:57 logger.go:51: 用户登录成功: 18888888888
INFO: 2025/06/13 11:07:24 logger.go:46: 数据库连接池初始化成功
INFO: 2025/06/13 11:07:24 logger.go:51: 配置加载成功，服务器端口: :8090
INFO: 2025/06/13 11:07:24 logger.go:51: 服务器启动在: 0.0.0.0:8090
INFO: 2025/06/13 11:07:24 logger.go:51: 本地访问: http://localhost:8090
INFO: 2025/06/13 11:07:24 logger.go:51: 局域网访问: http://你的IP地址:8090
INFO: 2025/06/13 11:07:42 logger.go:51: 用户登录成功: 18888888888
INFO: 2025/06/13 11:08:55 logger.go:46: 数据库连接池初始化成功
INFO: 2025/06/13 11:08:55 logger.go:51: 配置加载成功，服务器端口: :8090
INFO: 2025/06/13 11:08:55 logger.go:51: 服务器启动在: 0.0.0.0:8090
INFO: 2025/06/13 11:08:55 logger.go:51: 本地访问: http://localhost:8090
INFO: 2025/06/13 11:08:55 logger.go:51: 局域网访问: http://你的IP地址:8090
INFO: 2025/06/13 11:09:08 logger.go:51: 用户注册成功: 18818881809
INFO: 2025/06/13 11:09:36 logger.go:51: 用户注册成功: 18818881678
INFO: 2025/06/13 11:09:56 logger.go:51: 用户登录成功: 18818881111
INFO: 2025/06/13 14:57:54 logger.go:46: 数据库连接池初始化成功
INFO: 2025/06/13 14:57:54 logger.go:51: 配置加载成功，服务器端口: :8090
INFO: 2025/06/13 14:57:54 logger.go:51: 服务器启动在: 0.0.0.0:8090
INFO: 2025/06/13 14:57:54 logger.go:51: 本地访问: http://localhost:8090
INFO: 2025/06/13 14:57:54 logger.go:51: 局域网访问: http://192.168.1.100:8090
INFO: 2025/06/13 14:58:23 logger.go:51: 用户登录成功: 18888888888
INFO: 2025/06/13 15:28:22 logger.go:46: 数据库连接池初始化成功
INFO: 2025/06/13 15:28:22 logger.go:51: 配置加载成功，服务器端口: :8090
INFO: 2025/06/13 15:28:22 logger.go:51: 服务器启动在: 0.0.0.0:8090
INFO: 2025/06/13 15:28:22 logger.go:51: 本地访问: http://localhost:8090
INFO: 2025/06/13 15:28:22 logger.go:51: 局域网访问: http://192.168.1.100:8090
INFO: 2025/06/13 16:37:14 logger.go:46: 数据库连接池初始化成功
INFO: 2025/06/13 16:37:14 logger.go:51: 配置加载成功，服务器端口: :8090
INFO: 2025/06/13 16:37:14 logger.go:51: 服务器启动在: 0.0.0.0:8090
INFO: 2025/06/13 16:37:14 logger.go:51: 本地访问: http://localhost:8090
INFO: 2025/06/13 16:37:14 logger.go:51: 局域网访问: http://192.168.1.100:8090
INFO: 2025/06/13 16:38:07 logger.go:51: 用户登录成功: 18888888888
INFO: 2025/06/13 16:41:12 logger.go:51: 用户登录成功: 18818881800
INFO: 2025/06/13 16:42:58 logger.go:51: 用户注册成功: 18818881765
INFO: 2025/06/13 16:49:42 logger.go:46: 数据库连接池初始化成功
INFO: 2025/06/13 16:49:42 logger.go:51: 配置加载成功，服务器端口: :8090
INFO: 2025/06/13 16:49:42 logger.go:51: 服务器启动在: 0.0.0.0:8090
INFO: 2025/06/13 16:49:42 logger.go:51: 本地访问: http://localhost:8090
INFO: 2025/06/13 16:49:42 logger.go:51: 局域网访问: http://192.168.1.100:8090
INFO: 2025/06/14 18:36:57 logger.go:46: 数据库连接池初始化成功
INFO: 2025/06/14 18:36:57 logger.go:51: 配置加载成功，服务器端口: :8090
INFO: 2025/06/14 18:36:57 logger.go:51: 服务器启动在: 0.0.0.0:8090
INFO: 2025/06/14 18:36:57 logger.go:51: 本地访问: http://localhost:8090
INFO: 2025/06/14 18:36:57 logger.go:51: 局域网访问: http://192.168.1.100:8090
INFO: 2025/06/14 18:38:18 logger.go:51: 用户登录失败，用户名或密码错误: 18888888888
INFO: 2025/06/14 18:39:38 logger.go:51: 用户登录成功: 18888888888
INFO: 2025/06/14 18:40:00 logger.go:51: 用户登录成功: 18818881800
INFO: 2025/06/15 16:26:11 logger.go:46: 数据库连接池初始化成功
INFO: 2025/06/15 16:26:11 logger.go:51: 配置加载成功，服务器端口: :8090
INFO: 2025/06/15 16:26:11 logger.go:51: 服务器启动在: 0.0.0.0:8090
INFO: 2025/06/15 16:26:11 logger.go:51: 本地访问: http://localhost:8090
INFO: 2025/06/15 16:26:11 logger.go:51: 局域网访问: http://192.168.1.100:8090
INFO: 2025/06/16 11:42:45 logger.go:46: 数据库连接池初始化成功
INFO: 2025/06/16 11:42:45 logger.go:51: 配置加载成功，服务器端口: :8090
INFO: 2025/06/16 11:42:45 logger.go:51: 服务器启动在: 0.0.0.0:8090
INFO: 2025/06/16 11:42:45 logger.go:51: 本地访问: http://localhost:8090
INFO: 2025/06/16 11:42:45 logger.go:51: 局域网访问: http://192.168.1.100:8090
